<?xml version="1.0" encoding="UTF-8"?>
<testsuite name="TestStringAndMapBuilders" tests="1" skipped="0" failures="0" errors="0" timestamp="2024-01-20T16:41:31" hostname="fedora" time="0.005">
  <properties/>
  <testcase name="testBuildMap" classname="TestStringAndMapBuilders" time="0.005"/>
  <system-out><![CDATA[]]></system-out>
  <system-err><![CDATA[]]></system-err>
</testsuite>
