<?xml version="1.0" encoding="UTF-8"?>
<testsuite name="TestOperatorsOverloading" tests="3" skipped="0" failures="0" errors="0" timestamp="2024-01-20T13:18:26" hostname="fedora" time="0.007">
  <properties/>
  <testcase name="testOneMonth" classname="TestOperatorsOverloading" time="0.005"/>
  <testcase name="testAddOneTimeInterval" classname="TestOperatorsOverloading" time="0.001"/>
  <testcase name="testMonthChange" classname="TestOperatorsOverloading" time="0.001"/>
  <system-out><![CDATA[]]></system-out>
  <system-err><![CDATA[]]></system-err>
</testsuite>
