<?xml version="1.0" encoding="UTF-8"?>
<testsuite name="TestSum" tests="2" skipped="0" failures="0" errors="0" timestamp="2024-01-20T14:07:30" hostname="fedora" time="0.106">
  <properties/>
  <testcase name="testGetTotalOrderPrice" classname="TestSum" time="0.104"/>
  <testcase name="testGetTotalOrderPrice1" classname="TestSum" time="0.002"/>
  <system-out><![CDATA[]]></system-out>
  <system-err><![CDATA[]]></system-err>
</testsuite>
