<?xml version="1.0" encoding="UTF-8"?>
<testsuite name="TestDelegatesHowItWorks" tests="1" skipped="0" failures="0" errors="0" timestamp="2024-01-20T16:27:06" hostname="fedora" time="0.011">
  <properties/>
  <testcase name="testDate" classname="TestDelegatesHowItWorks" time="0.011"/>
  <system-out><![CDATA[]]></system-out>
  <system-err><![CDATA[]]></system-err>
</testsuite>
