<?xml version="1.0" encoding="UTF-8"?>
<testsuite name="TestGroupBy" tests="1" skipped="0" failures="0" errors="0" timestamp="2024-01-20T13:48:53" hostname="fedora" time="0.031">
  <properties/>
  <testcase name="testGroupCustomersByCity" classname="TestGroupBy" time="0.031"/>
  <system-out><![CDATA[]]></system-out>
  <system-err><![CDATA[]]></system-err>
</testsuite>
